<?xml version="1.0" encoding="UTF-8"?>
<!-- Generated by org.testng.reporters.JUnitXMLReporter -->
<testsuite ignored="0" hostname="DESKTOP-VAQKFJ2" failures="0" tests="2" name="Test" time="22.092" errors="0" timestamp="2023-09-30T18:32:43 IST">
  <testcase classname="com.qa.test.suit.TC_LoginPage" name="validateWhetherUserAbleToLogin" time="8.689"/>
  <testcase classname="com.qa.test.suit.TC_NewCutomer" name="verifyWhetherTheMangerAbleToAddNewCustomer" time="12.666"/>
</testsuite> <!-- Test -->
