<?xml version="1.0" encoding="UTF-8"?>
<testsuite xmlns:xsi="http://www.w3.org/2001/XMLSchema-instance" xsi:noNamespaceSchemaLocation="https://maven.apache.org/surefire/maven-surefire-plugin/xsd/surefire-test-report.xsd" name="TestSuite" time="26.451" tests="2" errors="0" skipped="0" failures="0">
  <properties>
[...]
</properties>
  <testcase name="validateWhetherUserAbleToLogin" classname="com.qa.test.suit.TC_LoginPage" time="8.919"/>
  <testcase name="verifyWhetherTheMangerAbleToAddNewCustomer" classname="com.qa.test.suit.TC_NewCutomer" time="12.844"/>
</testsuite>