<?xml version="1.0" encoding="UTF-8"?>
<testng-results ignored="0" total="2" passed="2" failed="0" skipped="0">
  <reporter-output>
  </reporter-output>
  <suite started-at="2023-09-30T18:32:18 IST" name="Suite" finished-at="2023-09-30T18:32:40 IST" duration-ms="22092">
    <groups>
    </groups>
    <test started-at="2023-09-30T18:32:18 IST" name="Test" finished-at="2023-09-30T18:32:40 IST" duration-ms="22092">
      <class name="com.qa.test.suit.TC_LoginPage">
        <test-method signature="validateWhetherUserAbleToLogin()[pri:1, instance:com.qa.test.suit.TC_LoginPage@7a22a3c2]" started-at="2023-09-30T18:32:18 IST" name="validateWhetherUserAbleToLogin" finished-at="2023-09-30T18:32:27 IST" duration-ms="8689" status="PASS">
          <reporter-output>
          </reporter-output>
        </test-method> <!-- validateWhetherUserAbleToLogin -->
      </class> <!-- com.qa.test.suit.TC_LoginPage -->
      <class name="com.qa.test.suit.TC_NewCutomer">
        <test-method signature="verifyWhetherTheMangerAbleToAddNewCustomer()[pri:0, instance:com.qa.test.suit.TC_NewCutomer@f4cfd90]" started-at="2023-09-30T18:32:27 IST" name="verifyWhetherTheMangerAbleToAddNewCustomer" finished-at="2023-09-30T18:32:40 IST" duration-ms="12666" status="PASS">
          <reporter-output>
          </reporter-output>
        </test-method> <!-- verifyWhetherTheMangerAbleToAddNewCustomer -->
      </class> <!-- com.qa.test.suit.TC_NewCutomer -->
    </test> <!-- Test -->
  </suite> <!-- Suite -->
</testng-results>
